Using pre-set license
Built from '2020.3/staging' branch; Version is '2020.3.0f1 (c7b5465681fb) revision 13088070'; Using compiler version '192528614'; Build Type 'Release'
OS: 'Windows 10 Pro; OS build 18363.1500; Version 1909; 64bit' Language: 'en' Physical Memory: 32727 MB
BatchMode: 1, IsHumanControllingUs: 0, StartBugReporterOnCrash: 0, Is64bit: 1, IsPro: 0

 COMMAND LINE ARGUMENTS:
C:\Program Files\Unity\Hub\Editor\2020.3.0f1\Editor\Unity.exe
-adb2
-batchMode
-noUpm
-name
AssetImportWorker0
-projectPath
C:/Users/Monty/Repos/Unity/The Promised Pizza
-logFile
Logs/AssetImportWorker0.log
-srvPort
50600
Successfully changed project path to: C:/Users/Monty/Repos/Unity/The Promised Pizza
C:/Users/Monty/Repos/Unity/The Promised Pizza
Using Asset Import Pipeline V2.
Refreshing native plugins compatible for Editor in 38.69 ms, found 2 plugins.
Preloading 0 native plugins for Editor in 0.00 ms.
Initialize engine version: 2020.3.0f1 (c7b5465681fb)
[Subsystems] Discovering subsystems at path C:/Program Files/Unity/Hub/Editor/2020.3.0f1/Editor/Data/Resources/UnitySubsystems
[Subsystems] Discovering subsystems at path C:/Users/Monty/Repos/Unity/The Promised Pizza/Assets
GfxDevice: creating device client; threaded=0
Direct3D:
    Version:  Direct3D 11.0 [level 11.1]
    Renderer: NVIDIA GeForce GTX 1080 Ti (ID=0x1b06)
    Vendor:   
    VRAM:     11127 MB
    Driver:   27.21.14.6589
Initialize mono
Mono path[0] = 'C:/Program Files/Unity/Hub/Editor/2020.3.0f1/Editor/Data/Managed'
Mono path[1] = 'C:/Program Files/Unity/Hub/Editor/2020.3.0f1/Editor/Data/MonoBleedingEdge/lib/mono/unityjit'
Mono config path = 'C:/Program Files/Unity/Hub/Editor/2020.3.0f1/Editor/Data/MonoBleedingEdge/etc'
Using monoOptions --debugger-agent=transport=dt_socket,embedding=1,server=y,suspend=n,address=127.0.0.1:56660
Begin MonoManager ReloadAssembly
Registering precompiled unity dll's ...
Register platform support module: C:/Program Files/Unity/Hub/Editor/2020.3.0f1/Editor/Data/PlaybackEngines/WebGLSupport/UnityEditor.WebGL.Extensions.dll
Register platform support module: C:/Program Files/Unity/Hub/Editor/2020.3.0f1/Editor/Data/PlaybackEngines/WindowsStandaloneSupport/UnityEditor.WindowsStandalone.Extensions.dll
Registered in 0.001833 seconds.
Native extension for WindowsStandalone target not found
Native extension for WebGL target not found
Refreshing native plugins compatible for Editor in 27.80 ms, found 2 plugins.
Preloading 0 native plugins for Editor in 0.00 ms.
Invoked RoslynAnalysisRunner static constructor.
RoslynAnalysisRunner will not be running.
RoslynAnalysisRunner has terminated.
Mono: successfully reloaded assembly
- Completed reload, in  1.104 seconds
Platform modules already initialized, skipping
Registering precompiled user dll's ...
Registered in 0.005059 seconds.
Begin MonoManager ReloadAssembly
Native extension for WindowsStandalone target not found
Native extension for WebGL target not found
Refreshing native plugins compatible for Editor in 27.69 ms, found 2 plugins.
Preloading 0 native plugins for Editor in 0.00 ms.
Invoked RoslynAnalysisRunner static constructor.
RoslynAnalysisRunner will not be running.
RoslynAnalysisRunner has terminated.
Mono: successfully reloaded assembly
- Completed reload, in  0.866 seconds
Platform modules already initialized, skipping
========================================================================
Worker process is ready to serve import requests
Launched and connected shader compiler UnityShaderCompiler.exe after 0.04 seconds
Refreshing native plugins compatible for Editor in 0.33 ms, found 2 plugins.
Preloading 0 native plugins for Editor in 0.00 ms.
Unloading 1568 Unused Serialized files (Serialized files now loaded: 0)
System memory in use before: 111.1 MB.
System memory in use after: 110.7 MB.

Unloading 41 unused Assets to reduce memory usage. Loaded Objects now: 2066.
Total: 2.019100 ms (FindLiveObjects: 0.262600 ms CreateObjectMapping: 0.096100 ms MarkObjects: 1.279000 ms  DeleteObjects: 0.380400 ms)

========================================================================
Received Import Request.
  path: Assets/New Terrain.asset
  artifactKey: Guid(0567db0e4dd01fd4bab3a59da0f57baa) Importer(815301076,1909f56bfc062723c751e8b465ee728b)
Start importing Assets/New Terrain.asset using Guid(0567db0e4dd01fd4bab3a59da0f57baa) Importer(815301076,1909f56bfc062723c751e8b465ee728b)  -> (artifact id: '24ecf99f5bef91054116434e37d2ac58') in 0.069576 seconds
  Import took 0.072405 seconds .

========================================================================
Received Import Request.
  Time since last request: 45.764772 seconds.
  path: Assets/CanopyMaterial.mat
  artifactKey: Guid(1d381621903f8e847bab5a4c272041ed) Importer(815301076,1909f56bfc062723c751e8b465ee728b)
Start importing Assets/CanopyMaterial.mat using Guid(1d381621903f8e847bab5a4c272041ed) Importer(815301076,1909f56bfc062723c751e8b465ee728b)  -> (artifact id: '985498fba20ce281531903724db41b46') in 0.051669 seconds
  Import took 0.053848 seconds .

========================================================================
Received Import Request.
  Time since last request: 0.000279 seconds.
  path: Assets/TurbineMaterial.mat
  artifactKey: Guid(d94318b37ae6ce94ba57b2aa27752500) Importer(815301076,1909f56bfc062723c751e8b465ee728b)
Start importing Assets/TurbineMaterial.mat using Guid(d94318b37ae6ce94ba57b2aa27752500) Importer(815301076,1909f56bfc062723c751e8b465ee728b)  -> (artifact id: '8cc92aa3ef50e0824e7e0844976d2af6') in 0.005959 seconds
  Import took 0.007884 seconds .

========================================================================
Received Import Request.
  Time since last request: 0.000321 seconds.
  path: Assets/SkidMaterial.mat
  artifactKey: Guid(d023e66f5296c194c8640b4f44bfa1a6) Importer(815301076,1909f56bfc062723c751e8b465ee728b)
Start importing Assets/SkidMaterial.mat using Guid(d023e66f5296c194c8640b4f44bfa1a6) Importer(815301076,1909f56bfc062723c751e8b465ee728b)  -> (artifact id: 'e3d0ae6c4f7665c93ee02936a4d724e4') in 0.006593 seconds
  Import took 0.008746 seconds .

========================================================================
Received Import Request.
  Time since last request: 0.000271 seconds.
  path: Assets/CarBodyMaterial.mat
  artifactKey: Guid(8f605d84fb276d047b3551d5e72ca002) Importer(815301076,1909f56bfc062723c751e8b465ee728b)
Start importing Assets/CarBodyMaterial.mat using Guid(8f605d84fb276d047b3551d5e72ca002) Importer(815301076,1909f56bfc062723c751e8b465ee728b)  -> (artifact id: '258b5e8396acc0e15714ee8547084e50') in 0.006461 seconds
  Import took 0.008433 seconds .

========================================================================
Received Import Request.
  Time since last request: 0.000215 seconds.
  path: Assets/HoverCar.prefab
  artifactKey: Guid(4ed92e9e91207ff44b626d48158199e3) Importer(815301076,1909f56bfc062723c751e8b465ee728b)
Start importing Assets/HoverCar.prefab using Guid(4ed92e9e91207ff44b626d48158199e3) Importer(815301076,1909f56bfc062723c751e8b465ee728b)  -> (artifact id: 'c9655d0121bc1cd518480f0eefd129f0') in 0.016057 seconds
  Import took 0.018240 seconds .

========================================================================
Received Prepare
Registering precompiled user dll's ...
Registered in 0.004923 seconds.
Begin MonoManager ReloadAssembly
Native extension for WindowsStandalone target not found
Native extension for WebGL target not found
Refreshing native plugins compatible for Editor in 0.47 ms, found 2 plugins.
Preloading 0 native plugins for Editor in 0.00 ms.
Invoked RoslynAnalysisRunner static constructor.
RoslynAnalysisRunner will not be running.
RoslynAnalysisRunner has terminated.
Mono: successfully reloaded assembly
- Completed reload, in  0.995 seconds
Platform modules already initialized, skipping
Refreshing native plugins compatible for Editor in 0.44 ms, found 2 plugins.
Preloading 0 native plugins for Editor in 0.00 ms.
Unloading 1441 Unused Serialized files (Serialized files now loaded: 0)
System memory in use before: 104.9 MB.
System memory in use after: 104.6 MB.

Unloading 26 unused Assets to reduce memory usage. Loaded Objects now: 2113.
Total: 2.020500 ms (FindLiveObjects: 0.187500 ms CreateObjectMapping: 0.063700 ms MarkObjects: 1.399000 ms  DeleteObjects: 0.369300 ms)

========================================================================
Received Prepare
Registering precompiled user dll's ...
Registered in 0.005333 seconds.
Begin MonoManager ReloadAssembly
Native extension for WindowsStandalone target not found
Native extension for WebGL target not found
Refreshing native plugins compatible for Editor in 0.50 ms, found 2 plugins.
Preloading 0 native plugins for Editor in 0.00 ms.
Invoked RoslynAnalysisRunner static constructor.
RoslynAnalysisRunner will not be running.
RoslynAnalysisRunner has terminated.
Mono: successfully reloaded assembly
- Completed reload, in  0.938 seconds
Platform modules already initialized, skipping
Refreshing native plugins compatible for Editor in 0.46 ms, found 2 plugins.
Preloading 0 native plugins for Editor in 0.00 ms.
Unloading 1441 Unused Serialized files (Serialized files now loaded: 0)
System memory in use before: 105.0 MB.
System memory in use after: 104.6 MB.

Unloading 26 unused Assets to reduce memory usage. Loaded Objects now: 2116.
Total: 2.738400 ms (FindLiveObjects: 0.168800 ms CreateObjectMapping: 0.050200 ms MarkObjects: 1.965800 ms  DeleteObjects: 0.552400 ms)

========================================================================
Received Prepare
Registering precompiled user dll's ...
Registered in 0.007239 seconds.
Begin MonoManager ReloadAssembly
Native extension for WindowsStandalone target not found
Native extension for WebGL target not found
Refreshing native plugins compatible for Editor in 0.38 ms, found 2 plugins.
Preloading 0 native plugins for Editor in 0.00 ms.
Invoked RoslynAnalysisRunner static constructor.
RoslynAnalysisRunner will not be running.
RoslynAnalysisRunner has terminated.
Mono: successfully reloaded assembly
- Completed reload, in  0.941 seconds
Platform modules already initialized, skipping
Refreshing native plugins compatible for Editor in 0.56 ms, found 2 plugins.
Preloading 0 native plugins for Editor in 0.00 ms.
Unloading 1441 Unused Serialized files (Serialized files now loaded: 0)
System memory in use before: 105.0 MB.
System memory in use after: 104.6 MB.

Unloading 26 unused Assets to reduce memory usage. Loaded Objects now: 2119.
Total: 1.893000 ms (FindLiveObjects: 0.149500 ms CreateObjectMapping: 0.042300 ms MarkObjects: 1.213200 ms  DeleteObjects: 0.487100 ms)

========================================================================
Received Prepare
Registering precompiled user dll's ...
Registered in 0.006365 seconds.
Begin MonoManager ReloadAssembly
Native extension for WindowsStandalone target not found
Native extension for WebGL target not found
Refreshing native plugins compatible for Editor in 0.79 ms, found 2 plugins.
Preloading 0 native plugins for Editor in 0.00 ms.
Invoked RoslynAnalysisRunner static constructor.
RoslynAnalysisRunner will not be running.
RoslynAnalysisRunner has terminated.
Mono: successfully reloaded assembly
- Completed reload, in  0.936 seconds
Platform modules already initialized, skipping
Refreshing native plugins compatible for Editor in 0.43 ms, found 2 plugins.
Preloading 0 native plugins for Editor in 0.00 ms.
Unloading 1441 Unused Serialized files (Serialized files now loaded: 0)
System memory in use before: 105.0 MB.
System memory in use after: 104.6 MB.

Unloading 26 unused Assets to reduce memory usage. Loaded Objects now: 2122.
Total: 2.492900 ms (FindLiveObjects: 0.249300 ms CreateObjectMapping: 0.106000 ms MarkObjects: 1.739700 ms  DeleteObjects: 0.396800 ms)

========================================================================
Received Prepare
Registering precompiled user dll's ...
Registered in 0.005081 seconds.
Begin MonoManager ReloadAssembly
Native extension for WindowsStandalone target not found
Native extension for WebGL target not found
Refreshing native plugins compatible for Editor in 0.68 ms, found 2 plugins.
Preloading 0 native plugins for Editor in 0.00 ms.
Invoked RoslynAnalysisRunner static constructor.
RoslynAnalysisRunner will not be running.
RoslynAnalysisRunner has terminated.
Mono: successfully reloaded assembly
- Completed reload, in  0.937 seconds
Platform modules already initialized, skipping
Refreshing native plugins compatible for Editor in 0.43 ms, found 2 plugins.
Preloading 0 native plugins for Editor in 0.00 ms.
Unloading 1441 Unused Serialized files (Serialized files now loaded: 0)
System memory in use before: 105.0 MB.
System memory in use after: 104.7 MB.

Unloading 26 unused Assets to reduce memory usage. Loaded Objects now: 2125.
Total: 1.958700 ms (FindLiveObjects: 0.142800 ms CreateObjectMapping: 0.046800 ms MarkObjects: 1.261700 ms  DeleteObjects: 0.506400 ms)

========================================================================
Received Import Request.
  Time since last request: 2689.789623 seconds.
  path: Assets
  artifactKey: Guid(00000000000000001000000000000000) Importer(815301076,1909f56bfc062723c751e8b465ee728b)
Start importing Assets using Guid(00000000000000001000000000000000) Importer(815301076,1909f56bfc062723c751e8b465ee728b)  -> (artifact id: '42baae205c97e3337697759514652acd') in 0.004862 seconds
  Import took 0.007473 seconds .

========================================================================
Received Import Request.
  Time since last request: 26.954373 seconds.
  path: Assets/LandingPad.prefab
  artifactKey: Guid(ffd5a261efd5b444ca039176fe21168f) Importer(815301076,1909f56bfc062723c751e8b465ee728b)
Start importing Assets/LandingPad.prefab using Guid(ffd5a261efd5b444ca039176fe21168f) Importer(815301076,1909f56bfc062723c751e8b465ee728b)  -> (artifact id: 'c6fa935b0a955ea5cf7ca0ad53faaeee') in 0.053874 seconds
  Import took 0.055965 seconds .

========================================================================
Received Import Request.
  Time since last request: 0.000294 seconds.
  path: Assets/PadMaterial.mat
  artifactKey: Guid(274a252f3e1b3204c8f74de66dcb9a0d) Importer(815301076,1909f56bfc062723c751e8b465ee728b)
Start importing Assets/PadMaterial.mat using Guid(274a252f3e1b3204c8f74de66dcb9a0d) Importer(815301076,1909f56bfc062723c751e8b465ee728b)  -> (artifact id: 'f20c4fc7f890ffd89e7f00d097a87e3d') in 0.013361 seconds
  Import took 0.015269 seconds .

AssetImportWorkerClient::OnTransportError - code=2 error=End of file
